-------------------------------------------------------------------------------
Test set: com.amigoscode.testing.customer.CustomerRegistrationServiceTest
-------------------------------------------------------------------------------
Tests run: 5, Failures: 0, Errors: 1, Skipped: 0, Time elapsed: 0.004 s <<< FAILURE! - in com.amigoscode.testing.customer.CustomerRegistrationServiceTest
itShouldSaveNewCustomerWhenIdIsNull  Time elapsed: 0.002 s  <<< ERROR!
org.mockito.exceptions.misusing.UnfinishedStubbingException: 

Unfinished stubbing detected here:
-> at com.amigoscode.testing.payment.stripe.StripeServiceTest.itShouldThrowException(StripeServiceTest.java:82)

E.g. thenReturn() may be missing.
Examples of correct stubbing:
    when(mock.isOk()).thenReturn(true);
    when(mock.isOk()).thenThrow(exception);
    doThrow(exception).when(mock).someVoidMethod();
Hints:
 1. missing thenReturn()
 2. you are trying to stub a final method, which is not supported
 3. you are stubbing the behaviour of another mock inside before 'thenReturn' instruction is completed

	at com.amigoscode.testing.customer.CustomerRegistrationServiceTest.itShouldSaveNewCustomerWhenIdIsNull(CustomerRegistrationServiceTest.java:47)

